[2019-08-01 22:06:02] local.ERROR: ===============chgCZstatus
  
[2019-08-01 22:08:02] local.ERROR: ===============chgCZstatus
  
[2019-08-01 22:10:02] local.ERROR: ===============chgCZstatus
  
[2019-08-01 22:12:02] local.ERROR: ===============chgCZstatus
  
[2019-08-01 22:14:02] local.ERROR: ===============chgCZstatus
  
[2019-08-01 22:16:02] local.ERROR: ===============chgCZstatus
  
[2019-08-01 22:18:02] local.ERROR: ===============chgCZstatus
  
[2019-08-01 22:18:17] local.ERROR: beb42f033062599d7766f071b75296c4:b1Sq9:{"tid":"1738","uuid":"beb42f033062599d7766f071b75296c4","msg":"非法用户授权login_key","oldmsg":""}/www/wwwroot/yfb.yunfenba.com/app/Service/FansService.php287  
[2019-08-01 22:20:02] local.ERROR: ===============chgCZstatus
  
[2019-08-01 22:22:02] local.ERROR: ===============chgCZstatus
  
[2019-08-01 22:24:02] local.ERROR: ===============chgCZstatus
  
[2019-08-01 22:26:02] local.ERROR: ===============chgCZstatus
  
[2019-08-01 22:28:02] local.ERROR: ===============chgCZstatus
  
[2019-08-01 22:30:02] local.ERROR: ===============chgCZstatus
  
[2019-08-01 22:32:00] local.ERROR: curl_error: http://api.tibox.yq1d.com/v1/min/serverarray (
  'apid' => 1,
  'sign' => '1a921969780d86f7d536e25006cbf592',
  'timestamp' => 1564669917,
  'appid' => 'wx0859b32fed0776d9',
  'app_name' => '机会魔盒',
  'data' => '',
)Operation timed out after 3000 milliseconds with 0 bytes received  error_no :28  
[2019-08-01 22:32:00] local.ERROR: e987193d8075d73010b6ac85cb82572b:TazPK:{"tid":"1738","uuid":"e987193d8075d73010b6ac85cb82572b","msg":"出纸有误，请联系设备","oldmsg":""}/www/wwwroot/yfb.yunfenba.com/app/Service/FansService.php287  
[2019-08-01 22:32:01] local.ERROR: ===============chgCZstatus
  
[2019-08-01 22:34:02] local.ERROR: ===============chgCZstatus
  
[2019-08-01 22:36:01] local.ERROR: ===============chgCZstatus
  
[2019-08-01 22:38:02] local.ERROR: ===============chgCZstatus
1052809  
[2019-08-01 22:38:16] local.ERROR: curl_error: http://api.tibox.yq1d.com/v1/min/serverarray (
  'apid' => 1,
  'sign' => '58c8372377053a2808c3ea2780ca44ff',
  'timestamp' => 1564670293,
  'appid' => 'wx0859b32fed0776d9',
  'app_name' => '机会魔盒',
  'data' => '',
)Operation timed out after 3001 milliseconds with 0 bytes received  error_no :28  
[2019-08-01 22:38:16] local.ERROR: 26793e8e8943669834626c6008da3c05:8eHO8:{"tid":"1738","uuid":"26793e8e8943669834626c6008da3c05","msg":"出纸有误，请联系设备","oldmsg":""}/www/wwwroot/yfb.yunfenba.com/app/Service/FansService.php287  
[2019-08-01 22:39:51] local.ERROR: curl_error: http://api.tibox.yq1d.com/v1/min/serverarray (
  'apid' => 1,
  'sign' => '62d7e82478b3467bfa0a9dd2dc2f0de0',
  'timestamp' => 1564670388,
  'appid' => 'wx0859b32fed0776d9',
  'app_name' => '机会魔盒',
  'data' => '',
)Operation timed out after 3000 milliseconds with 0 bytes received  error_no :28  
[2019-08-01 22:39:51] local.ERROR: eb12810e6daa49a009b6199ff0d4a05c:OGSGW:{"tid":"1738","uuid":"eb12810e6daa49a009b6199ff0d4a05c","msg":"出纸有误，请联系设备","oldmsg":""}/www/wwwroot/yfb.yunfenba.com/app/Service/FansService.php287  
[2019-08-01 22:40:02] local.ERROR: ===============chgCZstatus
  
[2019-08-01 22:42:02] local.ERROR: ===============chgCZstatus
  
[2019-08-01 22:44:02] local.ERROR: ===============chgCZstatus
  
[2019-08-01 22:46:02] local.ERROR: ===============chgCZstatus
  
[2019-08-01 22:48:02] local.ERROR: ===============chgCZstatus
  
[2019-08-01 22:50:02] local.ERROR: ===============chgCZstatus
  
[2019-08-01 22:52:02] local.ERROR: ===============chgCZstatus
  
[2019-08-01 22:53:42] local.ERROR: ad_task:1745:((350 > 0 && 350 >= 350) || 318 >= 350)  
[2019-08-01 22:54:02] local.ERROR: ===============chgCZstatus
  
[2019-08-01 22:56:02] local.ERROR: ===============chgCZstatus
  
[2019-08-01 22:58:02] local.ERROR: ===============chgCZstatus
  
[2019-08-01 23:00:02] local.ERROR: ===============chgCZstatus
  
[2019-08-01 23:02:02] local.ERROR: ===============chgCZstatus
1052811  
[2019-08-01 23:04:02] local.ERROR: ===============chgCZstatus
  
[2019-08-01 23:06:02] local.ERROR: ===============chgCZstatus
  
[2019-08-01 23:08:02] local.ERROR: ===============chgCZstatus
  
[2019-08-01 23:10:02] local.ERROR: ===============chgCZstatus
1052812,1052813  
[2019-08-01 23:12:02] local.ERROR: ===============chgCZstatus
  
[2019-08-01 23:14:02] local.ERROR: ===============chgCZstatus
  
[2019-08-01 23:16:01] local.ERROR: ===============chgCZstatus
  
[2019-08-01 23:18:02] local.ERROR: ===============chgCZstatus
  
[2019-08-01 23:20:02] local.ERROR: ===============chgCZstatus
  
[2019-08-01 23:20:44] local.ERROR: ad_task:1745:((350 > 0 && 350 >= 350) || 318 >= 350)  
[2019-08-01 23:22:02] local.ERROR: ===============chgCZstatus
  
[2019-08-01 23:24:02] local.ERROR: ===============chgCZstatus
  
[2019-08-01 23:26:01] local.ERROR: ===============chgCZstatus
  
[2019-08-01 23:28:02] local.ERROR: ===============chgCZstatus
  
[2019-08-01 23:30:02] local.ERROR: ===============chgCZstatus
  
[2019-08-01 23:32:02] local.ERROR: ===============chgCZstatus
  
[2019-08-01 23:34:02] local.ERROR: ===============chgCZstatus
  
[2019-08-01 23:36:02] local.ERROR: ===============chgCZstatus
  
[2019-08-01 23:38:02] local.ERROR: ===============chgCZstatus
  
[2019-08-01 23:40:02] local.ERROR: ===============chgCZstatus
  
